mode: count
_/home/damouse/code/merged/riffle/core/util.go:38.21,39.30 1 2
_/home/damouse/code/merged/riffle/core/util.go:43.2,43.35 1 2
_/home/damouse/code/merged/riffle/core/util.go:39.30,41.3 1 0
_/home/damouse/code/merged/riffle/core/util.go:46.67,48.25 2 5
_/home/damouse/code/merged/riffle/core/util.go:58.2,58.10 1 1
_/home/damouse/code/merged/riffle/core/util.go:49.2,52.11 3 2
_/home/damouse/code/merged/riffle/core/util.go:53.2,56.11 3 2
_/home/damouse/code/merged/riffle/core/util.go:61.56,63.22 2 4
_/home/damouse/code/merged/riffle/core/util.go:66.2,66.10 1 4
_/home/damouse/code/merged/riffle/core/util.go:63.22,65.3 1 0
_/home/damouse/code/merged/riffle/core/util.go:70.109,71.30 1 0
_/home/damouse/code/merged/riffle/core/util.go:77.2,77.22 1 0
_/home/damouse/code/merged/riffle/core/util.go:71.30,72.29 1 0
_/home/damouse/code/merged/riffle/core/util.go:72.29,74.4 1 0
_/home/damouse/code/merged/riffle/core/util.go:80.72,81.28 1 2
_/home/damouse/code/merged/riffle/core/util.go:87.2,87.19 1 1
_/home/damouse/code/merged/riffle/core/util.go:81.28,82.18 1 3
_/home/damouse/code/merged/riffle/core/util.go:82.18,84.4 1 1
_/home/damouse/code/merged/riffle/core/cumin.go:9.71,13.37 3 2
_/home/damouse/code/merged/riffle/core/cumin.go:17.2,17.35 1 2
_/home/damouse/code/merged/riffle/core/cumin.go:22.2,24.40 2 2
_/home/damouse/code/merged/riffle/core/cumin.go:38.2,39.27 2 2
_/home/damouse/code/merged/riffle/core/cumin.go:45.2,45.17 1 2
_/home/damouse/code/merged/riffle/core/cumin.go:13.37,15.3 1 0
_/home/damouse/code/merged/riffle/core/cumin.go:17.35,19.3 1 0
_/home/damouse/code/merged/riffle/core/cumin.go:24.40,28.26 3 1
_/home/damouse/code/merged/riffle/core/cumin.go:28.26,30.4 1 1
_/home/damouse/code/merged/riffle/core/cumin.go:30.4,30.45 1 0
_/home/damouse/code/merged/riffle/core/cumin.go:30.45,32.4 1 0
_/home/damouse/code/merged/riffle/core/cumin.go:32.4,34.4 1 0
_/home/damouse/code/merged/riffle/core/cumin.go:39.27,41.3 1 0
_/home/damouse/code/merged/riffle/core/cumin.go:67.63,71.40 1 19
_/home/damouse/code/merged/riffle/core/cumin.go:76.2,78.29 2 18
_/home/damouse/code/merged/riffle/core/cumin.go:82.2,82.22 1 17
_/home/damouse/code/merged/riffle/core/cumin.go:88.2,88.12 1 7
_/home/damouse/code/merged/riffle/core/cumin.go:71.40,73.3 1 1
_/home/damouse/code/merged/riffle/core/cumin.go:78.29,80.3 1 1
_/home/damouse/code/merged/riffle/core/cumin.go:82.22,83.67 1 19
_/home/damouse/code/merged/riffle/core/cumin.go:83.67,85.4 1 10
_/home/damouse/code/merged/riffle/core/cumin.go:93.46,96.37 2 47
_/home/damouse/code/merged/riffle/core/cumin.go:104.2,104.14 1 47
_/home/damouse/code/merged/riffle/core/cumin.go:96.37,99.32 3 10
_/home/damouse/code/merged/riffle/core/cumin.go:99.32,101.4 1 9
_/home/damouse/code/merged/riffle/core/cumin.go:108.87,112.36 2 35
_/home/damouse/code/merged/riffle/core/cumin.go:145.2,145.12 1 20
_/home/damouse/code/merged/riffle/core/cumin.go:112.36,113.56 1 12
_/home/damouse/code/merged/riffle/core/cumin.go:113.56,115.4 1 3
_/home/damouse/code/merged/riffle/core/cumin.go:117.3,117.60 1 23
_/home/damouse/code/merged/riffle/core/cumin.go:117.60,118.28 1 12
_/home/damouse/code/merged/riffle/core/cumin.go:122.3,122.49 1 10
_/home/damouse/code/merged/riffle/core/cumin.go:118.28,120.4 1 2
_/home/damouse/code/merged/riffle/core/cumin.go:122.49,124.4 1 0
_/home/damouse/code/merged/riffle/core/cumin.go:124.4,125.32 1 10
_/home/damouse/code/merged/riffle/core/cumin.go:125.32,126.83 1 16
_/home/damouse/code/merged/riffle/core/cumin.go:126.83,128.6 1 5
_/home/damouse/code/merged/riffle/core/cumin.go:132.3,132.67 1 11
_/home/damouse/code/merged/riffle/core/cumin.go:132.67,134.57 1 11
_/home/damouse/code/merged/riffle/core/cumin.go:134.57,136.4 1 1
_/home/damouse/code/merged/riffle/core/cumin.go:136.4,137.55 1 10
_/home/damouse/code/merged/riffle/core/cumin.go:137.55,139.5 1 4
_/home/damouse/code/merged/riffle/core/cumin.go:141.3,143.3 1 0
_/home/damouse/code/merged/riffle/core/cumin.go:149.67,154.49 1 23
_/home/damouse/code/merged/riffle/core/cumin.go:158.2,158.80 1 5
_/home/damouse/code/merged/riffle/core/cumin.go:154.49,156.3 1 18
_/home/damouse/code/merged/riffle/core/cumin.go:162.87,163.36 1 10
_/home/damouse/code/merged/riffle/core/cumin.go:168.2,168.29 1 8
_/home/damouse/code/merged/riffle/core/cumin.go:174.2,174.12 1 6
_/home/damouse/code/merged/riffle/core/cumin.go:163.36,165.3 1 2
_/home/damouse/code/merged/riffle/core/cumin.go:168.29,169.80 1 11
_/home/damouse/code/merged/riffle/core/cumin.go:169.80,171.4 1 2
_/home/damouse/code/merged/riffle/core/domain.go:48.44,51.14 2 4
_/home/damouse/code/merged/riffle/core/domain.go:55.2,67.10 3 4
_/home/damouse/code/merged/riffle/core/domain.go:51.14,53.3 1 2
_/home/damouse/code/merged/riffle/core/domain.go:70.47,72.2 1 1
_/home/damouse/code/merged/riffle/core/domain.go:74.48,76.2 1 1
_/home/damouse/code/merged/riffle/core/domain.go:78.30,80.2 1 5
_/home/damouse/code/merged/riffle/core/domain.go:84.45,85.14 1 0
_/home/damouse/code/merged/riffle/core/domain.go:90.2,103.81 8 0
_/home/damouse/code/merged/riffle/core/domain.go:108.2,109.23 2 0
_/home/damouse/code/merged/riffle/core/domain.go:129.2,132.34 2 0
_/home/damouse/code/merged/riffle/core/domain.go:138.2,140.12 2 0
_/home/damouse/code/merged/riffle/core/domain.go:85.14,87.3 1 0
_/home/damouse/code/merged/riffle/core/domain.go:103.81,106.3 2 0
_/home/damouse/code/merged/riffle/core/domain.go:109.23,111.17 2 0
_/home/damouse/code/merged/riffle/core/domain.go:116.3,116.28 1 0
_/home/damouse/code/merged/riffle/core/domain.go:111.17,114.4 2 0
_/home/damouse/code/merged/riffle/core/domain.go:117.3,118.26 1 0
_/home/damouse/code/merged/riffle/core/domain.go:119.3,120.30 1 0
_/home/damouse/code/merged/riffle/core/domain.go:121.3,124.69 3 0
_/home/damouse/code/merged/riffle/core/domain.go:132.34,133.16 1 0
_/home/damouse/code/merged/riffle/core/domain.go:133.16,135.4 1 0
_/home/damouse/code/merged/riffle/core/domain.go:143.32,144.36 1 0
_/home/damouse/code/merged/riffle/core/domain.go:148.2,148.36 1 0
_/home/damouse/code/merged/riffle/core/domain.go:152.2,152.53 1 0
_/home/damouse/code/merged/riffle/core/domain.go:159.2,159.54 1 0
_/home/damouse/code/merged/riffle/core/domain.go:166.2,166.12 1 0
_/home/damouse/code/merged/riffle/core/domain.go:144.36,146.3 1 0
_/home/damouse/code/merged/riffle/core/domain.go:148.36,150.3 1 0
_/home/damouse/code/merged/riffle/core/domain.go:152.53,154.3 1 0
_/home/damouse/code/merged/riffle/core/domain.go:154.3,156.3 1 0
_/home/damouse/code/merged/riffle/core/domain.go:159.54,161.3 1 0
_/home/damouse/code/merged/riffle/core/domain.go:173.89,177.78 3 0
_/home/damouse/code/merged/riffle/core/domain.go:177.78,179.3 1 0
_/home/damouse/code/merged/riffle/core/domain.go:179.3,186.3 6 0
_/home/damouse/code/merged/riffle/core/domain.go:189.88,193.83 3 0
_/home/damouse/code/merged/riffle/core/domain.go:193.83,195.3 1 0
_/home/damouse/code/merged/riffle/core/domain.go:195.3,202.3 6 0
_/home/damouse/code/merged/riffle/core/domain.go:205.68,213.2 2 0
_/home/damouse/code/merged/riffle/core/domain.go:215.82,221.75 4 0
_/home/damouse/code/merged/riffle/core/domain.go:221.75,223.3 1 0
_/home/damouse/code/merged/riffle/core/domain.go:223.3,225.3 1 0
_/home/damouse/code/merged/riffle/core/domain.go:228.52,232.69 3 0
_/home/damouse/code/merged/riffle/core/domain.go:232.69,235.3 2 0
_/home/damouse/code/merged/riffle/core/domain.go:235.3,239.79 3 0
_/home/damouse/code/merged/riffle/core/domain.go:239.79,241.4 1 0
_/home/damouse/code/merged/riffle/core/domain.go:241.4,247.4 5 0
_/home/damouse/code/merged/riffle/core/domain.go:251.51,255.69 3 0
_/home/damouse/code/merged/riffle/core/domain.go:255.69,258.3 2 0
_/home/damouse/code/merged/riffle/core/domain.go:258.3,262.86 3 0
_/home/damouse/code/merged/riffle/core/domain.go:262.86,264.4 1 0
_/home/damouse/code/merged/riffle/core/domain.go:264.4,270.4 5 0
_/home/damouse/code/merged/riffle/core/domain.go:274.75,275.72 1 0
_/home/damouse/code/merged/riffle/core/domain.go:275.72,277.3 1 0
_/home/damouse/code/merged/riffle/core/domain.go:277.3,289.44 4 0
_/home/damouse/code/merged/riffle/core/domain.go:289.44,292.4 1 0
_/home/damouse/code/merged/riffle/core/domain.go:296.68,297.72 1 0
_/home/damouse/code/merged/riffle/core/domain.go:297.72,299.3 1 0
_/home/damouse/code/merged/riffle/core/domain.go:299.3,315.3 1 0
_/home/damouse/code/merged/riffle/core/domain.go:320.61,322.2 1 2
_/home/damouse/code/merged/riffle/core/domain.go:324.64,327.2 2 2
_/home/damouse/code/merged/riffle/core/domain.go:329.45,331.2 1 1
_/home/damouse/code/merged/riffle/core/endpoint.go:10.41,12.2 1 2
_/home/damouse/code/merged/riffle/core/endpoint.go:16.33,19.2 2 6
_/home/damouse/code/merged/riffle/core/endpoint.go:21.46,22.32 1 2
_/home/damouse/code/merged/riffle/core/endpoint.go:22.32,24.3 1 1
_/home/damouse/code/merged/riffle/core/endpoint.go:24.3,26.3 1 1
_/home/damouse/code/merged/riffle/core/endpoint.go:31.47,35.13 2 2
_/home/damouse/code/merged/riffle/core/endpoint.go:39.2,40.19 2 1
_/home/damouse/code/merged/riffle/core/endpoint.go:35.13,37.3 1 1
_/home/damouse/code/merged/riffle/core/endpoint.go:44.46,48.13 2 8
_/home/damouse/code/merged/riffle/core/endpoint.go:52.2,52.19 1 1
_/home/damouse/code/merged/riffle/core/endpoint.go:48.13,50.3 1 7
_/home/damouse/code/merged/riffle/core/endpoint.go:57.46,60.2 2 1
_/home/damouse/code/merged/riffle/core/endpoint.go:70.58,74.21 3 2
_/home/damouse/code/merged/riffle/core/endpoint.go:88.2,88.16 1 2
_/home/damouse/code/merged/riffle/core/endpoint.go:74.21,79.16 3 5
_/home/damouse/code/merged/riffle/core/endpoint.go:83.3,83.26 1 5
_/home/damouse/code/merged/riffle/core/endpoint.go:79.16,81.4 1 3
_/home/damouse/code/merged/riffle/core/endpoint.go:83.26,85.4 1 4
_/home/damouse/code/merged/riffle/core/endpoint.go:96.43,98.16 2 7
_/home/damouse/code/merged/riffle/core/endpoint.go:103.2,107.40 3 7
_/home/damouse/code/merged/riffle/core/endpoint.go:111.2,111.63 1 6
_/home/damouse/code/merged/riffle/core/endpoint.go:117.2,117.13 1 3
_/home/damouse/code/merged/riffle/core/endpoint.go:98.16,101.3 1 7
_/home/damouse/code/merged/riffle/core/endpoint.go:107.40,109.3 1 1
_/home/damouse/code/merged/riffle/core/endpoint.go:111.63,112.38 1 11
_/home/damouse/code/merged/riffle/core/endpoint.go:112.38,114.4 1 3
_/home/damouse/code/merged/riffle/core/endpoint.go:121.58,123.13 2 5
_/home/damouse/code/merged/riffle/core/endpoint.go:127.2,127.28 1 4
_/home/damouse/code/merged/riffle/core/endpoint.go:123.13,125.3 1 1
_/home/damouse/code/merged/riffle/core/manthelper.go:6.108,7.62 1 0
_/home/damouse/code/merged/riffle/core/manthelper.go:7.62,9.3 1 0
_/home/damouse/code/merged/riffle/core/manthelper.go:9.3,11.3 1 0
_/home/damouse/code/merged/riffle/core/manthelper.go:14.107,15.61 1 0
_/home/damouse/code/merged/riffle/core/manthelper.go:15.61,17.3 1 0
_/home/damouse/code/merged/riffle/core/manthelper.go:17.3,19.3 1 0
_/home/damouse/code/merged/riffle/core/manthelper.go:22.89,23.50 1 0
_/home/damouse/code/merged/riffle/core/manthelper.go:23.50,25.3 1 0
_/home/damouse/code/merged/riffle/core/manthelper.go:25.3,27.3 1 0
_/home/damouse/code/merged/riffle/core/manthelper.go:30.86,31.56 1 0
_/home/damouse/code/merged/riffle/core/manthelper.go:31.56,34.3 2 0
_/home/damouse/code/merged/riffle/core/manthelper.go:34.3,35.44 1 0
_/home/damouse/code/merged/riffle/core/manthelper.go:35.44,38.4 1 0
_/home/damouse/code/merged/riffle/core/manthelper.go:38.4,40.52 2 0
_/home/damouse/code/merged/riffle/core/manthelper.go:40.52,42.5 1 0
_/home/damouse/code/merged/riffle/core/manthelper.go:42.5,44.5 1 0
_/home/damouse/code/merged/riffle/core/manthelper.go:49.73,50.48 1 0
_/home/damouse/code/merged/riffle/core/manthelper.go:50.48,52.3 1 0
_/home/damouse/code/merged/riffle/core/manthelper.go:52.3,54.3 1 0
_/home/damouse/code/merged/riffle/core/manthelper.go:57.72,58.47 1 0
_/home/damouse/code/merged/riffle/core/manthelper.go:58.47,60.3 1 0
_/home/damouse/code/merged/riffle/core/manthelper.go:60.3,62.3 1 0
_/home/damouse/code/merged/riffle/core/message.go:10.37,11.12 1 3
_/home/damouse/code/merged/riffle/core/message.go:12.2,13.20 1 0
_/home/damouse/code/merged/riffle/core/message.go:14.2,15.22 1 0
_/home/damouse/code/merged/riffle/core/message.go:16.2,17.20 1 0
_/home/damouse/code/merged/riffle/core/message.go:18.2,19.24 1 0
_/home/damouse/code/merged/riffle/core/message.go:20.2,21.27 1 0
_/home/damouse/code/merged/riffle/core/message.go:22.2,23.22 1 0
_/home/damouse/code/merged/riffle/core/message.go:24.2,25.24 1 0
_/home/damouse/code/merged/riffle/core/message.go:26.2,27.27 1 0
_/home/damouse/code/merged/riffle/core/message.go:29.2,30.22 1 3
_/home/damouse/code/merged/riffle/core/message.go:31.2,32.24 1 0
_/home/damouse/code/merged/riffle/core/message.go:34.2,35.24 1 0
_/home/damouse/code/merged/riffle/core/message.go:36.2,37.25 1 0
_/home/damouse/code/merged/riffle/core/message.go:38.2,39.26 1 0
_/home/damouse/code/merged/riffle/core/message.go:40.2,41.27 1 0
_/home/damouse/code/merged/riffle/core/message.go:42.2,43.20 1 0
_/home/damouse/code/merged/riffle/core/message.go:45.2,46.19 1 0
_/home/damouse/code/merged/riffle/core/message.go:47.2,48.21 1 0
_/home/damouse/code/merged/riffle/core/message.go:49.2,50.21 1 0
_/home/damouse/code/merged/riffle/core/message.go:52.2,53.23 1 0
_/home/damouse/code/merged/riffle/core/message.go:54.2,55.25 1 0
_/home/damouse/code/merged/riffle/core/message.go:56.2,57.25 1 0
_/home/damouse/code/merged/riffle/core/message.go:58.2,59.27 1 0
_/home/damouse/code/merged/riffle/core/message.go:60.2,61.25 1 0
_/home/damouse/code/merged/riffle/core/message.go:62.2,63.24 1 0
_/home/damouse/code/merged/riffle/core/message.go:64.2,65.20 1 0
_/home/damouse/code/merged/riffle/core/message.go:66.2,67.13 1 0
_/home/damouse/code/merged/riffle/core/message.go:71.39,72.12 1 5
_/home/damouse/code/merged/riffle/core/message.go:73.2,74.17 1 0
_/home/damouse/code/merged/riffle/core/message.go:75.2,76.19 1 0
_/home/damouse/code/merged/riffle/core/message.go:77.2,78.17 1 2
_/home/damouse/code/merged/riffle/core/message.go:79.2,80.21 1 0
_/home/damouse/code/merged/riffle/core/message.go:81.2,82.24 1 0
_/home/damouse/code/merged/riffle/core/message.go:83.2,84.19 1 2
_/home/damouse/code/merged/riffle/core/message.go:85.2,86.21 1 0
_/home/damouse/code/merged/riffle/core/message.go:87.2,88.17 1 0
_/home/damouse/code/merged/riffle/core/message.go:90.2,91.19 1 0
_/home/damouse/code/merged/riffle/core/message.go:92.2,93.21 1 0
_/home/damouse/code/merged/riffle/core/message.go:95.2,96.21 1 0
_/home/damouse/code/merged/riffle/core/message.go:97.2,98.22 1 0
_/home/damouse/code/merged/riffle/core/message.go:99.2,100.23 1 0
_/home/damouse/code/merged/riffle/core/message.go:101.2,102.24 1 0
_/home/damouse/code/merged/riffle/core/message.go:103.2,104.17 1 0
_/home/damouse/code/merged/riffle/core/message.go:106.2,107.16 1 0
_/home/damouse/code/merged/riffle/core/message.go:108.2,109.18 1 0
_/home/damouse/code/merged/riffle/core/message.go:110.2,111.18 1 0
_/home/damouse/code/merged/riffle/core/message.go:113.2,114.20 1 0
_/home/damouse/code/merged/riffle/core/message.go:115.2,116.22 1 1
_/home/damouse/code/merged/riffle/core/message.go:117.2,118.22 1 0
_/home/damouse/code/merged/riffle/core/message.go:119.2,120.24 1 0
_/home/damouse/code/merged/riffle/core/message.go:121.2,122.22 1 0
_/home/damouse/code/merged/riffle/core/message.go:123.2,124.21 1 0
_/home/damouse/code/merged/riffle/core/message.go:125.2,126.17 1 0
_/home/damouse/code/merged/riffle/core/message.go:127.2,128.32 1 0
_/home/damouse/code/merged/riffle/core/message.go:202.45,204.2 1 0
_/home/damouse/code/merged/riffle/core/message.go:212.47,214.2 1 0
_/home/damouse/code/merged/riffle/core/message.go:222.45,224.2 1 2
_/home/damouse/code/merged/riffle/core/message.go:232.49,234.2 1 0
_/home/damouse/code/merged/riffle/core/message.go:242.52,244.2 1 0
_/home/damouse/code/merged/riffle/core/message.go:252.47,254.2 1 2
_/home/damouse/code/merged/riffle/core/message.go:264.49,266.2 1 0
_/home/damouse/code/merged/riffle/core/message.go:280.52,282.2 1 0
_/home/damouse/code/merged/riffle/core/message.go:295.47,297.2 1 0
_/home/damouse/code/merged/riffle/core/message.go:305.49,307.2 1 0
_/home/damouse/code/merged/riffle/core/message.go:316.49,318.2 1 0
_/home/damouse/code/merged/riffle/core/message.go:326.50,328.2 1 0
_/home/damouse/code/merged/riffle/core/message.go:336.51,338.2 1 0
_/home/damouse/code/merged/riffle/core/message.go:345.52,347.2 1 0
_/home/damouse/code/merged/riffle/core/message.go:361.45,363.2 1 7
_/home/damouse/code/merged/riffle/core/message.go:383.44,385.2 1 0
_/home/damouse/code/merged/riffle/core/message.go:397.46,399.2 1 0
_/home/damouse/code/merged/riffle/core/message.go:408.48,410.2 1 0
_/home/damouse/code/merged/riffle/core/message.go:418.50,420.2 1 1
_/home/damouse/code/merged/riffle/core/message.go:428.50,430.2 1 0
_/home/damouse/code/merged/riffle/core/message.go:437.52,439.2 1 0
_/home/damouse/code/merged/riffle/core/message.go:452.50,454.2 1 0
_/home/damouse/code/merged/riffle/core/message.go:466.45,468.2 1 0
_/home/damouse/code/merged/riffle/core/message.go:476.46,478.2 1 0
_/home/damouse/code/merged/riffle/core/message.go:486.49,488.2 1 0
_/home/damouse/code/merged/riffle/core/message.go:492.44,494.2 1 0
_/home/damouse/code/merged/riffle/core/message.go:497.46,500.27 2 0
_/home/damouse/code/merged/riffle/core/message.go:502.2,503.23 1 0
_/home/damouse/code/merged/riffle/core/message.go:504.2,505.23 1 0
_/home/damouse/code/merged/riffle/core/message.go:508.2,509.23 1 0
_/home/damouse/code/merged/riffle/core/message.go:510.2,511.23 1 0
_/home/damouse/code/merged/riffle/core/message.go:513.2,515.51 1 0
_/home/damouse/code/merged/riffle/core/message.go:520.42,521.27 1 0
_/home/damouse/code/merged/riffle/core/message.go:522.2,523.27 1 0
_/home/damouse/code/merged/riffle/core/message.go:524.2,525.27 1 0
_/home/damouse/code/merged/riffle/core/message.go:526.2,527.27 1 0
_/home/damouse/code/merged/riffle/core/message.go:528.2,529.27 1 0
_/home/damouse/code/merged/riffle/core/message.go:530.2,531.27 1 0
_/home/damouse/code/merged/riffle/core/message.go:532.2,533.27 1 0
_/home/damouse/code/merged/riffle/core/message.go:534.2,535.27 1 0
_/home/damouse/code/merged/riffle/core/message.go:536.2,537.27 1 0
_/home/damouse/code/merged/riffle/core/message.go:538.2,539.27 1 0
_/home/damouse/code/merged/riffle/core/message.go:540.2,541.27 1 0
_/home/damouse/code/merged/riffle/core/message.go:542.2,543.27 1 0
_/home/damouse/code/merged/riffle/core/message.go:544.2,545.27 1 0
_/home/damouse/code/merged/riffle/core/message.go:546.2,548.18 2 0
_/home/damouse/code/merged/riffle/core/serialize.go:33.69,36.16 2 3
_/home/damouse/code/merged/riffle/core/serialize.go:40.2,41.31 2 3
_/home/damouse/code/merged/riffle/core/serialize.go:45.2,45.56 1 3
_/home/damouse/code/merged/riffle/core/serialize.go:74.2,74.17 1 3
_/home/damouse/code/merged/riffle/core/serialize.go:36.16,38.3 1 0
_/home/damouse/code/merged/riffle/core/serialize.go:41.31,43.3 1 3
_/home/damouse/code/merged/riffle/core/serialize.go:45.56,47.22 2 12
_/home/damouse/code/merged/riffle/core/serialize.go:51.3,52.32 2 12
_/home/damouse/code/merged/riffle/core/serialize.go:56.3,56.40 1 12
_/home/damouse/code/merged/riffle/core/serialize.go:47.22,48.12 1 0
_/home/damouse/code/merged/riffle/core/serialize.go:52.32,54.4 1 0
_/home/damouse/code/merged/riffle/core/serialize.go:56.40,58.4 1 6
_/home/damouse/code/merged/riffle/core/serialize.go:58.4,58.48 1 6
_/home/damouse/code/merged/riffle/core/serialize.go:58.48,60.4 1 3
_/home/damouse/code/merged/riffle/core/serialize.go:60.4,60.50 1 3
_/home/damouse/code/merged/riffle/core/serialize.go:60.50,62.4 1 0
_/home/damouse/code/merged/riffle/core/serialize.go:62.4,62.44 1 3
_/home/damouse/code/merged/riffle/core/serialize.go:62.44,63.43 1 0
_/home/damouse/code/merged/riffle/core/serialize.go:63.43,65.5 1 0
_/home/damouse/code/merged/riffle/core/serialize.go:66.4,66.46 1 3
_/home/damouse/code/merged/riffle/core/serialize.go:66.46,67.45 1 3
_/home/damouse/code/merged/riffle/core/serialize.go:67.45,69.5 1 0
_/home/damouse/code/merged/riffle/core/serialize.go:70.4,72.4 1 0
_/home/damouse/code/merged/riffle/core/serialize.go:78.74,80.32 2 6
_/home/damouse/code/merged/riffle/core/serialize.go:87.2,87.17 1 6
_/home/damouse/code/merged/riffle/core/serialize.go:80.32,81.33 1 0
_/home/damouse/code/merged/riffle/core/serialize.go:81.33,83.4 1 0
_/home/damouse/code/merged/riffle/core/serialize.go:83.4,85.4 1 0
_/home/damouse/code/merged/riffle/core/serialize.go:91.59,96.34 4 0
_/home/damouse/code/merged/riffle/core/serialize.go:111.2,111.12 1 0
_/home/damouse/code/merged/riffle/core/serialize.go:96.34,97.43 1 0
_/home/damouse/code/merged/riffle/core/serialize.go:100.3,101.50 2 0
_/home/damouse/code/merged/riffle/core/serialize.go:105.3,106.50 2 0
_/home/damouse/code/merged/riffle/core/serialize.go:109.3,109.24 1 0
_/home/damouse/code/merged/riffle/core/serialize.go:97.43,99.4 1 0
_/home/damouse/code/merged/riffle/core/serialize.go:101.50,103.4 1 0
_/home/damouse/code/merged/riffle/core/serialize.go:106.50,108.4 1 0
_/home/damouse/code/merged/riffle/core/serialize.go:115.61,118.33 3 3
_/home/damouse/code/merged/riffle/core/serialize.go:125.2,125.12 1 3
_/home/damouse/code/merged/riffle/core/serialize.go:118.33,120.17 2 6
_/home/damouse/code/merged/riffle/core/serialize.go:123.3,123.22 1 6
_/home/damouse/code/merged/riffle/core/serialize.go:120.17,122.4 1 0
_/home/damouse/code/merged/riffle/core/serialize.go:129.40,131.31 2 7
_/home/damouse/code/merged/riffle/core/serialize.go:136.2,137.25 2 7
_/home/damouse/code/merged/riffle/core/serialize.go:144.2,145.29 2 7
_/home/damouse/code/merged/riffle/core/serialize.go:148.2,148.12 1 7
_/home/damouse/code/merged/riffle/core/serialize.go:131.31,133.3 1 7
_/home/damouse/code/merged/riffle/core/serialize.go:137.25,139.71 2 13
_/home/damouse/code/merged/riffle/core/serialize.go:139.71,140.9 1 7
_/home/damouse/code/merged/riffle/core/serialize.go:145.29,147.3 1 29
_/home/damouse/code/merged/riffle/core/serialize.go:152.72,155.2 2 0
_/home/damouse/code/merged/riffle/core/serialize.go:158.75,160.91 2 0
_/home/damouse/code/merged/riffle/core/serialize.go:166.2,167.35 2 0
_/home/damouse/code/merged/riffle/core/serialize.go:173.2,173.28 1 0
_/home/damouse/code/merged/riffle/core/serialize.go:160.91,162.3 1 0
_/home/damouse/code/merged/riffle/core/serialize.go:162.3,162.26 1 0
_/home/damouse/code/merged/riffle/core/serialize.go:162.26,164.3 1 0
_/home/damouse/code/merged/riffle/core/serialize.go:167.35,169.3 1 0
_/home/damouse/code/merged/riffle/core/serialize.go:169.3,171.3 1 0
_/home/damouse/code/merged/riffle/core/serialize.go:177.88,179.2 1 0
_/home/damouse/code/merged/riffle/core/serialize.go:182.65,184.2 1 0
_/home/damouse/code/merged/riffle/core/serialize.go:187.68,189.51 2 0
_/home/damouse/code/merged/riffle/core/serialize.go:195.2,196.37 2 0
_/home/damouse/code/merged/riffle/core/serialize.go:201.2,201.28 1 0
_/home/damouse/code/merged/riffle/core/serialize.go:189.51,191.3 1 0
_/home/damouse/code/merged/riffle/core/serialize.go:191.3,191.26 1 0
_/home/damouse/code/merged/riffle/core/serialize.go:191.26,193.3 1 0
_/home/damouse/code/merged/riffle/core/serialize.go:196.37,198.3 1 0
_/home/damouse/code/merged/riffle/core/serialize.go:198.3,200.3 1 0
_/home/damouse/code/merged/riffle/core/serialize.go:204.80,205.19 1 0
_/home/damouse/code/merged/riffle/core/serialize.go:209.2,210.37 2 0
_/home/damouse/code/merged/riffle/core/serialize.go:215.2,215.28 1 0
_/home/damouse/code/merged/riffle/core/serialize.go:205.19,207.3 1 0
_/home/damouse/code/merged/riffle/core/serialize.go:210.37,212.3 1 0
_/home/damouse/code/merged/riffle/core/serialize.go:212.3,214.3 1 0
_/home/damouse/code/merged/riffle/core/serialize.go:219.46,221.50 2 0
_/home/damouse/code/merged/riffle/core/serialize.go:221.50,223.3 1 0
_/home/damouse/code/merged/riffle/core/serialize.go:223.3,226.3 2 0
_/home/damouse/code/merged/riffle/core/serialize.go:230.40,231.65 1 0
_/home/damouse/code/merged/riffle/core/serialize.go:231.65,233.3 1 0
_/home/damouse/code/merged/riffle/core/serialize.go:233.3,236.3 2 0
_/home/damouse/code/merged/riffle/core/app.go:51.20,66.2 5 2
_/home/damouse/code/merged/riffle/core/app.go:68.41,71.2 2 0
_/home/damouse/code/merged/riffle/core/app.go:73.60,75.2 1 0
_/home/damouse/code/merged/riffle/core/app.go:77.37,81.53 2 0
_/home/damouse/code/merged/riffle/core/app.go:81.53,83.3 1 0
_/home/damouse/code/merged/riffle/core/app.go:83.3,86.3 2 0
_/home/damouse/code/merged/riffle/core/app.go:89.36,90.13 1 0
_/home/damouse/code/merged/riffle/core/app.go:101.2,101.101 1 0
_/home/damouse/code/merged/riffle/core/app.go:105.2,113.28 5 0
_/home/damouse/code/merged/riffle/core/app.go:90.13,94.3 2 0
_/home/damouse/code/merged/riffle/core/app.go:94.3,96.3 1 0
_/home/damouse/code/merged/riffle/core/app.go:101.101,103.3 1 0
_/home/damouse/code/merged/riffle/core/app.go:116.47,124.2 5 0
_/home/damouse/code/merged/riffle/core/app.go:127.57,134.34 2 0
_/home/damouse/code/merged/riffle/core/app.go:134.34,136.3 1 0
_/home/damouse/code/merged/riffle/core/app.go:140.76,149.34 2 0
_/home/damouse/code/merged/riffle/core/app.go:149.34,151.3 1 0
_/home/damouse/code/merged/riffle/core/app.go:154.29,155.6 1 0
_/home/damouse/code/merged/riffle/core/app.go:155.6,156.33 1 0
_/home/damouse/code/merged/riffle/core/app.go:156.33,158.9 2 0
_/home/damouse/code/merged/riffle/core/app.go:159.4,162.4 2 0
_/home/damouse/code/merged/riffle/core/app.go:167.35,168.27 1 0
_/home/damouse/code/merged/riffle/core/app.go:170.2,172.9 2 0
_/home/damouse/code/merged/riffle/core/app.go:174.2,175.31 1 0
_/home/damouse/code/merged/riffle/core/app.go:187.3,187.68 1 0
_/home/damouse/code/merged/riffle/core/app.go:189.2,190.31 1 0
_/home/damouse/code/merged/riffle/core/app.go:201.3,211.35 4 0
_/home/damouse/code/merged/riffle/core/app.go:215.2,217.28 2 0
_/home/damouse/code/merged/riffle/core/app.go:219.2,224.9 2 0
_/home/damouse/code/merged/riffle/core/app.go:175.31,177.60 2 0
_/home/damouse/code/merged/riffle/core/app.go:177.60,181.5 3 0
_/home/damouse/code/merged/riffle/core/app.go:181.5,183.5 1 0
_/home/damouse/code/merged/riffle/core/app.go:190.31,192.60 2 0
_/home/damouse/code/merged/riffle/core/app.go:192.60,196.5 3 0
_/home/damouse/code/merged/riffle/core/app.go:196.5,198.5 1 0
_/home/damouse/code/merged/riffle/core/app.go:211.35,213.4 1 0
_/home/damouse/code/merged/riffle/core/app.go:224.9,226.42 2 0
_/home/damouse/code/merged/riffle/core/app.go:226.42,229.5 2 0
_/home/damouse/code/merged/riffle/core/app.go:229.5,232.5 2 0
_/home/damouse/code/merged/riffle/core/app.go:233.4,234.46 1 0
_/home/damouse/code/merged/riffle/core/app.go:240.43,241.12 1 0
_/home/damouse/code/merged/riffle/core/app.go:241.12,243.3 1 0
_/home/damouse/code/merged/riffle/core/app.go:247.40,250.50 2 0
_/home/damouse/code/merged/riffle/core/app.go:250.50,252.3 1 0
_/home/damouse/code/merged/riffle/core/app.go:252.3,253.64 1 0
_/home/damouse/code/merged/riffle/core/app.go:253.64,255.4 1 0
_/home/damouse/code/merged/riffle/core/app.go:255.4,257.4 1 0
_/home/damouse/code/merged/riffle/core/app.go:263.86,264.41 1 0
_/home/damouse/code/merged/riffle/core/app.go:268.2,275.15 6 0
_/home/damouse/code/merged/riffle/core/app.go:281.2,281.9 1 0
_/home/damouse/code/merged/riffle/core/app.go:264.41,266.3 1 0
_/home/damouse/code/merged/riffle/core/app.go:275.15,279.3 3 0
_/home/damouse/code/merged/riffle/core/app.go:282.2,283.39 1 0
_/home/damouse/code/merged/riffle/core/app.go:290.2,291.62 1 0
_/home/damouse/code/merged/riffle/core/app.go:283.39,285.4 1 0
_/home/damouse/code/merged/riffle/core/app.go:285.4,285.55 1 0
_/home/damouse/code/merged/riffle/core/app.go:285.55,287.4 1 0
_/home/damouse/code/merged/riffle/core/app.go:287.4,289.4 1 0
_/home/damouse/code/merged/riffle/core/app.go:298.52,299.9 1 0
_/home/damouse/code/merged/riffle/core/app.go:300.2,301.12 1 0
_/home/damouse/code/merged/riffle/core/app.go:305.3,305.18 1 0
_/home/damouse/code/merged/riffle/core/app.go:306.2,307.56 1 0
_/home/damouse/code/merged/riffle/core/app.go:301.12,303.4 1 0
_/home/damouse/code/merged/riffle/core/log.go:22.45,23.31 1 4
_/home/damouse/code/merged/riffle/core/log.go:23.31,25.3 1 0
_/home/damouse/code/merged/riffle/core/log.go:28.44,29.30 1 0
_/home/damouse/code/merged/riffle/core/log.go:29.30,31.3 1 0
_/home/damouse/code/merged/riffle/core/log.go:34.44,35.30 1 0
_/home/damouse/code/merged/riffle/core/log.go:35.30,37.3 1 0
_/home/damouse/code/merged/riffle/core/log.go:40.45,41.29 1 0
_/home/damouse/code/merged/riffle/core/log.go:41.29,43.3 1 0
_/home/damouse/code/merged/riffle/core/log.go:46.51,47.29 1 0
_/home/damouse/code/merged/riffle/core/log.go:47.29,52.3 1 0
_/home/damouse/code/merged/riffle/core/log.go:55.23,61.25 1 0
_/home/damouse/code/merged/riffle/core/log.go:61.25,63.3 1 0
_/home/damouse/code/merged/riffle/core/log.go:63.3,65.3 1 0
_/home/damouse/code/merged/riffle/core/log.go:68.21,76.20 6 1
_/home/damouse/code/merged/riffle/core/log.go:81.2,81.68 1 1
_/home/damouse/code/merged/riffle/core/log.go:76.20,79.3 2 1
_/home/damouse/code/merged/riffle/core/security.go:14.61,17.18 2 4
_/home/damouse/code/merged/riffle/core/security.go:22.2,23.16 2 3
_/home/damouse/code/merged/riffle/core/security.go:27.2,27.18 1 2
_/home/damouse/code/merged/riffle/core/security.go:17.18,19.3 1 1
_/home/damouse/code/merged/riffle/core/security.go:23.16,25.3 1 1
_/home/damouse/code/merged/riffle/core/security.go:30.66,34.16 3 1
_/home/damouse/code/merged/riffle/core/security.go:38.2,39.20 2 1
_/home/damouse/code/merged/riffle/core/security.go:34.16,36.3 1 0
_/home/damouse/code/merged/riffle/core/security.go:42.53,48.24 2 0
_/home/damouse/code/merged/riffle/core/security.go:68.2,69.12 2 0
_/home/damouse/code/merged/riffle/core/security.go:49.2,50.31 1 0
_/home/damouse/code/merged/riffle/core/security.go:52.2,56.17 3 0
_/home/damouse/code/merged/riffle/core/security.go:60.3,61.17 2 0
_/home/damouse/code/merged/riffle/core/security.go:56.17,58.4 1 0
_/home/damouse/code/merged/riffle/core/security.go:61.17,63.4 1 0
_/home/damouse/code/merged/riffle/core/security.go:72.34,73.20 1 0
_/home/damouse/code/merged/riffle/core/security.go:73.20,75.3 1 0
_/home/damouse/code/merged/riffle/core/security.go:75.3,77.3 1 0
_/home/damouse/code/merged/riffle/core/security.go:82.41,85.17 2 0
_/home/damouse/code/merged/riffle/core/security.go:89.2,89.19 1 0
_/home/damouse/code/merged/riffle/core/security.go:93.2,93.20 1 0
_/home/damouse/code/merged/riffle/core/security.go:85.17,87.3 1 0
_/home/damouse/code/merged/riffle/core/security.go:89.19,91.3 1 0
